{"logLevel":"debug","message":"multithreading is set to false"}
{"logLevel":"debug","message":"Using reflection to scan dependencies for gauge implementations..."}
log4j:WARN No appenders could be found for logger (io.grpc.netty.shaded.io.netty.util.internal.logging.InternalLoggerFactory).
log4j:WARN Please initialize the log4j system properly.
log4j:WARN See http://logging.apache.org/log4j/1.2/faq.html#noconfig for more info.
{"logLevel":"debug","message":"gauge-java took 754milliseconds to load and scan. This should be less than 'runner_connection_timeout' config value."}
{"logLevel":"debug","message":"run 'gauge config runner_connection_timeout' and verify that it is < 754"}
{"logLevel":"debug","message":"starting gRPC server..."}
{"logLevel":"debug","message":"started gRPC server on port 61207"}
{"logLevel":"info","message":"Listening on port:61207"}
{"logLevel":"debug","message":"Scanning packages for steps"}
{"logLevel":"debug","message":"Comparing 'StepImplementation.waitForseconds' and 'StepImplementation.waitForseconds'"}
{"logLevel":"debug","message":"Found {} saniye kadar bekle in current project scope."}
{"logLevel":"debug","message":"Comparing 'StepImplementation.pageControl' and 'StepImplementation.pageControl'"}
{"logLevel":"debug","message":"Found Sayfa {} yüklendi kontrolü yap in current project scope."}
{"logLevel":"debug","message":"Comparing 'StepImplementation.clickByid' and 'StepImplementation.clickByid'"}
{"logLevel":"debug","message":"Found id {} li elemente tıkla in current project scope."}
{"logLevel":"debug","message":"Scanning packages for hooks"}
{"logLevel":"debug","message":"Scanned steps (using static parsing + reflections): "}
{"logLevel":"debug","message":"\tid {} li elemente tıkla : public void clickByid(String id)"}
{"logLevel":"debug","message":"\t{} saniye kadar bekle : public void waitForseconds(ınt time) throws InterruptedException"}
{"logLevel":"debug","message":"\tSayfa {} yüklendi kontrolü yap : public void pageControl(String id)"}
Android  testi başlıyor
Oca 31, 2022 11:17:29 AM io.appium.java_client.remote.AppiumCommandExecutor$1 lambda$0
INFO: Detected dialect: W3C
{"logLevel":"debug","message":"Executing '{} saniye kadar bekle' using 'class StepImplementation.waitForseconds"}
{"logLevel":"debug","message":"Executing 'id {} li elemente tıkla' using 'class StepImplementation.clickByid"}
{"logLevel":"debug","message":"Executing '{} saniye kadar bekle' using 'class StepImplementation.waitForseconds"}
{"logLevel":"debug","message":"Executing 'Sayfa {} yüklendi kontrolü yap' using 'class StepImplementation.pageControl"}
[[io.appium.java_client.android.AndroidDriver, Capabilities: {appActivity=com.ozdilek.ozdilekteyim.MainActivity, appPackage=com.ozdilek.ozdilekteyim, databaseEnabled=false, desired={platformName=android, appActivity=com.ozdilek.ozdilekteyim.MainActivity, appPackage=com.ozdilek.ozdilekteyim, deviceName=emulator-5554, newCommandTimeout=3000}, deviceApiLevel=27, deviceManufacturer=Google, deviceModel=Android SDK built for x86, deviceName=emulator-5554, deviceScreenDensity=420, deviceScreenSize=1080x1920, deviceUDID=emulator-5554, javascriptEnabled=true, locationContextEnabled=false, networkConnectionEnabled=true, newCommandTimeout=3000, pixelRatio=2.625, platform=LINUX, platformName=Android, platformVersion=8.1.0, statBarHeight=63, takesScreenshot=true, viewportRect={left=0, top=63, width=1080, height=1731}, warnings={}, webStorageEnabled=false}] -> id: com.ozdilek.ozdilekteyim:id/iv_storeTopLogo]
result
{"logLevel":"debug","message":"Executing '{} saniye kadar bekle' using 'class StepImplementation.waitForseconds"}
{"logLevel":"debug","message":"Executing '{} saniye kadar bekle' using 'class StepImplementation.waitForseconds"}
{"logLevel":"debug","message":"Executing 'id {} li elemente tıkla' using 'class StepImplementation.clickByid"}
{"logLevel":"debug","message":"Executing '{} saniye kadar bekle' using 'class StepImplementation.waitForseconds"}
{"logLevel":"debug","message":"Executing '{} saniye kadar bekle' using 'class StepImplementation.waitForseconds"}
{"logLevel":"debug","message":"Killing Java runner..."}
{"logLevel":"debug","message":"Stopping execution pool..."}
{"logLevel":"debug","message":"Shutting down grpc server..."}
{"logLevel":"debug","message":"Runner killed gracefully."}
